INFO:root:Cuda true. results_path /mnt/output/results/tabular
INFO:root:Model on GPU is True
INFO:root:LSTM Base: hidden_dim: 64, n_epochs: 2, batch_size: 1024.
INFO:root:/mnt/output/results/tabular
INFO:root:/mnt/output/results/tabular/distances, False
INFO:root:Trace path: data/flipped/1556.csv
INFO:root:Prediction window = 100.0 ms
INFO:root:X_train (71999, 11), X_val (24000, 11), X_test(24000, 11), y_train (71999, 7), y_val (24000, 7), y_test (24000, 7)
INFO:root:[1/2] Training loss: 4.5163	 Validation loss: 2.6301
INFO:root:[2/2] Training loss: 3.4427	 Validation loss: 1.8113
INFO:root:MAE position = 2.8044954427083333
INFO:root:MAE rotation = 46.48314415446767
INFO:root:RMSE position = 3.1391866
INFO:root:RMSE rotation = 50.00575530485741
INFO:root:cuda path exists: True
INFO:root:dists_path exists: True
INFO:root:Saved model parameters to file: model_parameters_adjust_log.csv
-------------------------------------------------------------------------
-------------------------------------------------------------------------
--------------------------------------------------------------
I/O error
